<?xml version="1.0" encoding="UTF-8"?>
<testExecutions version="1">
  <file path="/users/jenkins/workspace/AAF_aaf-js-sdk_master/packages/core/common/src/events/ad-listeners/ad-event-listener.spec.ts">
    <testCase name="enums and models  CommandEventType should be defined" duration="2"/>
    <testCase name="enums and models  execute listener function" duration="1"/>
  </file>
  <file path="/users/jenkins/workspace/AAF_aaf-js-sdk_master/packages/core/common/src/events/ad-events/ad-event-creator.spec.ts">
    <testCase name="AdEventCreator functions AdEventCreator should be defined" duration="2"/>
    <testCase name="AdEventCreator functions should return Loaded event type" duration="1"/>
    <testCase name="AdEventCreator functions should return Started event type" duration="1"/>
    <testCase name="AdEventCreator functions should return Paused event type" duration="1"/>
    <testCase name="AdEventCreator functions should return Resumed event type" duration="0"/>
    <testCase name="AdEventCreator functions should return Stopped event type" duration="1"/>
    <testCase name="AdEventCreator functions should return Warning event type" duration="0"/>
    <testCase name="AdEventCreator functions should return Error event type" duration="1"/>
  </file>
  <file path="/users/jenkins/workspace/AAF_aaf-js-sdk_master/packages/core/common/src/dependecy-injection/di-service.spec.ts">
    <testCase name="Dependecy Injection registerInstance" duration="2"/>
    <testCase name="Dependecy Injection registerSingleton" duration="0"/>
    <testCase name="Dependecy Injection registerInstance for invalid symbol" duration="0"/>
    <testCase name="Dependecy Injection resolve error for invalid symbol" duration="0"/>
    <testCase name="Dependecy Injection new Container" duration="1"/>
  </file>
  <file path="/users/jenkins/workspace/AAF_aaf-js-sdk_master/packages/core/common/src/utils/error-utils.spec.ts">
    <testCase name="error service helper functions general error function should return correct error object" duration="2"/>
    <testCase name="error service helper functions HTTP error function should return correct error object" duration="0"/>
    <testCase name="error service helper functions Final login decorator to change values of the error" duration="1"/>
    <testCase name="error service helper functions Undefined error function should return correct error object" duration="0"/>
    <testCase name="Test error components general error function should return correct error object" duration="0"/>
    <testCase name="Test error components HTTP error function should return correct error object" duration="1"/>
    <testCase name="Test error components Undefined error function should return correct error object" duration="1"/>
  </file>
</testExecutions>